


ARM Macro Assembler    Page 1 


    1 00000000                 AREA             mainarea,CODE
    2 00000000                 IMPORT           fib
    3 00000000                 EXPORT           asm_main
    4 00000000         
    5 00000000         asm_main
    6 00000000         
    7 00000000 F04F 0007       MOV              r0, #7      ; Input Fibonacci i
                                                            ndex
    8 00000004 F7FF FFFE       BL               fib         ; Call fib function
                                                            
    9 00000008 E7FE            B                .           ; Loop forever
   10 0000000A         
   11 0000000A 00 00           ALIGN
   12 0000000C                 END
Command Line: --debug --xref --diag_suppress=9931 --cpu=Cortex-M4.fp.sp --depen
d=.\objects\main.d -o.\objects\main.o -I.\RTE\_STM32F407_Flash -IC:\KEIL_V5\ARM
\PACK\ARM\CMSIS\5.8.0\CMSIS\Core\Include -IC:\KEIL_V5\ARM\PACK\Keil\STM32F4xx_D
FP\2.15.0\Drivers\CMSIS\Device\ST\STM32F4xx\Include --predefine="__UVISION_VERS
ION SETA 535" --predefine="_RTE_ SETA 1" --predefine="STM32F407xx SETA 1" --pre
define="_RTE_ SETA 1" --list=.\listings\main.lst asm\main.s



ARM Macro Assembler    Page 1 Alphabetic symbol ordering
Relocatable symbols

asm_main 00000000

Symbol: asm_main
   Definitions
      At line 5 in file asm\main.s
   Uses
      At line 3 in file asm\main.s
Comment: asm_main used once
mainarea 00000000

Symbol: mainarea
   Definitions
      At line 1 in file asm\main.s
   Uses
      None
Comment: mainarea unused
2 symbols



ARM Macro Assembler    Page 1 Alphabetic symbol ordering
External symbols

fib 00000000

Symbol: fib
   Definitions
      At line 2 in file asm\main.s
   Uses
      At line 8 in file asm\main.s
Comment: fib used once
1 symbol
337 symbols in table
