


ARM Macro Assembler    Page 1 


    1 00000000                 AREA             storage,DATA
    2 00000000         array
    3 00000000         ; Total is 232 for the example list
    4 00000000 00000003 
              00000007 
              0000001F 
              000000C1 
              00000002 
              FFFFFFFB 
              FFFFFF18         DCD              3, 7, 31, 193, 2, -5, -232
    5 0000001C         array_end
    6 0000001C         
    7 0000001C                 AREA             main,CODE
    8 00000000                 EXPORT           asm_main
    9 00000000         asm_main
   10 00000000         ; Your code goes here
   11 00000000         ; MOV r0, -5
   12 00000000         
   13 00000000 4808            LDR              r0, =array
   14 00000002 4909            LDR              r1, =array_end
   15 00000004 F04F 0200       MOV              r2, #0
   16 00000008         
   17 00000008         sum_loop
   18 00000008 4288            CMP              r0, r1
   19 0000000A D203            BHS              sum_loop_end
   20 0000000C         
   21 0000000C F850 3B04       LDR              r3, [r0], #4
   22 00000010         ;ADD r2, [r0], #4
   23 00000010 441A            ADD              r2, r3
   24 00000012 E7F9            B                sum_loop
   25 00000014         
   26 00000014         sum_loop_end
   27 00000014 F000 F801       BL               abs
   28 00000018 E7FE            B                .           ; Loop forever
   29 0000001A         abs
   30 0000001A 2800            CMP              r0, #0
   31 0000001C BFD8 4240       RSBLE            r0, r0, #0
   32 00000020 4770            BX               lr
   33 00000022         
   34 00000022 00 00           ALIGN
   35 00000024                 END
              00000000 
              00000000 
Command Line: --debug --xref --diag_suppress=9931 --cpu=Cortex-M4.fp.sp --depen
d=.\objects\main.d -o.\objects\main.o -I.\RTE\_STM32F407_Flash -IC:\KEIL_V5\ARM
\PACK\ARM\CMSIS\5.8.0\CMSIS\Core\Include -IC:\KEIL_V5\ARM\PACK\Keil\STM32F4xx_D
FP\2.15.0\Drivers\CMSIS\Device\ST\STM32F4xx\Include --predefine="__UVISION_VERS
ION SETA 535" --predefine="_RTE_ SETA 1" --predefine="STM32F407xx SETA 1" --pre
define="_RTE_ SETA 1" --list=.\listings\main.lst asm\main.s



ARM Macro Assembler    Page 1 Alphabetic symbol ordering
Relocatable symbols

array 00000000

Symbol: array
   Definitions
      At line 2 in file asm\main.s
   Uses
      At line 13 in file asm\main.s
Comment: array used once
array_end 0000001C

Symbol: array_end
   Definitions
      At line 5 in file asm\main.s
   Uses
      At line 14 in file asm\main.s
Comment: array_end used once
storage 00000000

Symbol: storage
   Definitions
      At line 1 in file asm\main.s
   Uses
      None
Comment: storage unused
3 symbols



ARM Macro Assembler    Page 1 Alphabetic symbol ordering
Relocatable symbols

abs 0000001A

Symbol: abs
   Definitions
      At line 29 in file asm\main.s
   Uses
      At line 27 in file asm\main.s
Comment: abs used once
asm_main 00000000

Symbol: asm_main
   Definitions
      At line 9 in file asm\main.s
   Uses
      At line 8 in file asm\main.s
Comment: asm_main used once
main 00000000

Symbol: main
   Definitions
      At line 7 in file asm\main.s
   Uses
      None
Comment: main unused
sum_loop 00000008

Symbol: sum_loop
   Definitions
      At line 17 in file asm\main.s
   Uses
      At line 24 in file asm\main.s
Comment: sum_loop used once
sum_loop_end 00000014

Symbol: sum_loop_end
   Definitions
      At line 26 in file asm\main.s
   Uses
      At line 19 in file asm\main.s
Comment: sum_loop_end used once
5 symbols
344 symbols in table
