


ARM Macro Assembler    Page 1 


    1 00000000                 AREA             mainarea,CODE
    2 00000000                 EXPORT           asm_main
    3 00000000         
    4 00000000         asm_main
    5 00000000 F04F 0000       MOV              r0, #0
    6 00000004 F04F 0100       MOV              r1, #0
    7 00000008         loop
    8 00000008 F100 0001       ADD              r0, #1
    9 0000000C 4401            ADD              r1, r0
   10 0000000E         ; compare r0 to 10
   11 0000000E 280A            CMP              r0, #10
   12 00000010         ; if r0 is less than 10, branch back to loop
   13 00000010 DBFA            BLT              loop
   14 00000012         ; r0 goes from 0 to 9 inclusive
   15 00000012         ; r1 sums up to 45
   16 00000012         
   17 00000012 E7FE            B                .           ; Loop forever
   18 00000014         
   19 00000014                 END
Command Line: --debug --xref --diag_suppress=9931,A1950W --cpu=Cortex-M4.fp.sp 
--depend=.\objects\main.d -o.\objects\main.o -I.\RTE\_STM32F407_Flash -IC:\User
s\Roman\AppData\Local\Arm\Packs\ARM\CMSIS\5.9.0\CMSIS\Core\Include -IC:\Users\R
oman\AppData\Local\Arm\Packs\Keil\STM32F4xx_DFP\2.17.1\Drivers\CMSIS\Device\ST\
STM32F4xx\Include --predefine="__EVAL SETA 1" --predefine="__UVISION_VERSION SE
TA 538" --predefine="_RTE_ SETA 1" --predefine="STM32F407xx SETA 1" --predefine
="_RTE_ SETA 1" --list=.\listings\main.lst asm\main.s



ARM Macro Assembler    Page 1 Alphabetic symbol ordering
Relocatable symbols

asm_main 00000000

Symbol: asm_main
   Definitions
      At line 4 in file asm\main.s
   Uses
      At line 2 in file asm\main.s
Comment: asm_main used once
loop 00000008

Symbol: loop
   Definitions
      At line 7 in file asm\main.s
   Uses
      At line 13 in file asm\main.s
Comment: loop used once
mainarea 00000000

Symbol: mainarea
   Definitions
      At line 1 in file asm\main.s
   Uses
      None
Comment: mainarea unused
3 symbols
338 symbols in table
